********************************************************************************
DUPLICATOR-LITE PACKAGE-LOG: 14 January 2022 13h18
NOTICE: Do NOT post to public sites or forums 
********************************************************************************
VERSION:	1.4.3
WORDPRESS:	5.8.3
PHP INFO:	8.0.12 | SAPI: apache2handler
SERVER:		Apache/2.4.51 (Win64) OpenSSL/1.1.1l PHP/8.0.12 
PHP TIME LIMIT: (0) no time limit imposed 
PHP MAX MEMORY: 4294967296 (512M default) 
MEMORY STACK: 8MB

********************************************************************************
DATABASE:
********************************************************************************
BUILD MODE:   MYSQLDUMP
MYSQLTIMEOUT: 5000
MYSQLDUMP:    Is Supported
SQL CREATED: 20220114_montagneknackietpoisson_1_a14f4070848fb9fc7316_20220114131757_database.sql
SQL FILE SIZE: 927.75KB (950019)
SQL FILE TIME: 2022-01-14 13:18:05
SQL RUNTIME: 1.10 sec.

********************************************************************************
ARCHIVE (ZIP):
********************************************************************************
ARCHIVE DIR:  C:/xampp/htdocs/wordpress
ARCHIVE FILE: 20220114_montagneknackietpoisson_1_a14f4070848fb9fc7316_20220114131757_archive.zip
FILTERS: *OFF*
DIRS:
	not set
FILES:
	not set
EXTS:  not set
----------------------------------------
COMPRESSING
SIZE:	70.57MB
STATS:	Dirs 504 | Files 3,630
SQL ADDED: 20220114_montagneknackietpoisson_1_a14f4070848fb9fc7316_20220114131757_database.sql
ZipArchive Object
(
    [lastId] => 4133
    [status] => 0
    [statusSys] => 0
    [numFiles] => 4134
    [filename] => C:\xampp\htdocs\wordpress\wp-content\backups-dup-lite\tmp\20220114_montagneknackietpoisson_1_a14f4070848fb9fc7316_20220114131757_archive.zip
    [comment] => 
)

FILE ADDED TO ZIP: 4133
COMPRESSION RESULT: '1'
COMPRESSED SIZE: 23.15MB
ARCHIVE RUNTIME: 5.75 sec.
MEMORY STACK: 8MB
building installer
add_extra_files1
add_extra_files2
add_extra_files3
add_extra_files4
Doing archive file check
add_extra_files5
add_extra_files6
add_extra_files8
Successfully opened zip C:/xampp/htdocs/wordpress/wp-content/backups-dup-lite/tmp/20220114_montagneknackietpoisson_1_a14f4070848fb9fc7316_20220114131757_archive.zip
Adding enhanced installer files to archive using ZipArchive
Installer files added to archive
Added to archive
After ziparchive close when adding installer

********************************************************************************
INTEGRITY CHECKS:
********************************************************************************
SQL FILE: 927.75KB
INSTALLER FILE: 64.27KB
ARCHIVE FILE: 24.13MB 
COMPTE ATTENDU DE FICHIERS/RÉPERTOIRES : 4,134
COMPTE ACTUEL DE FICHIERS/RÉPERTOIRES : 4,133
TEST DE COHÉRENCE D’ARCHIVE : Bon

********************************************************************************
RECORD ID:[1]
TOTAL PROCESS RUNTIME: 7.45 sec.
PEAK PHP MEMORY USED: 10MB
DONE PROCESSING => 20220114_montagneknackietpoisson_1 14 January 2022 13h18

